{
  "RSpec": {
    "coverage": {
      "/home/ammar/Desktop/ruby_interview_exercises/number_in_words/as_a_refinement/spec/support/custom_matchers/have_constant.rb": {
        "lines": [
          null,
          null,
          null,
          1,
          2,
          2,
          2,
          null,
          0,
          null,
          null,
          null,
          2,
          0,
          null,
          null,
          2,
          0,
          0,
          0,
          0,
          null,
          null,
          2,
          0,
          0,
          0,
          0,
          null,
          null,
          2,
          0,
          0,
          0,
          0,
          null,
          null,
          null,
          1
        ]
      },
      "/home/ammar/Desktop/ruby_interview_exercises/number_in_words/as_a_refinement/spec/lib/number_in_words_spec.rb": {
        "lines": [
          1,
          1,
          null,
          1,
          1,
          3,
          null,
          1,
          1,
          null,
          null,
          1,
          1,
          null,
          null,
          1,
          4,
          null,
          1,
          1,
          null,
          null,
          1,
          1,
          1,
          null,
          null,
          1,
          1,
          1,
          null,
          null,
          null,
          1,
          4,
          null,
          1,
          1,
          null,
          null,
          1,
          1,
          1,
          null,
          null,
          1,
          1,
          1,
          null,
          null,
          null,
          1,
          1,
          49,
          49,
          null,
          null,
          null,
          1,
          1,
          1,
          1,
          1,
          1,
          1,
          1,
          1,
          1,
          1,
          1,
          1,
          1,
          1,
          1,
          1,
          1,
          1,
          1,
          1,
          1,
          1,
          1,
          1,
          1,
          1,
          1,
          1,
          1,
          1,
          1,
          1,
          1,
          1,
          1,
          1,
          1,
          1,
          1,
          1,
          1,
          1,
          1,
          1,
          1,
          1,
          1,
          1,
          null,
          null,
          1,
          1,
          7,
          7,
          null,
          null,
          null,
          1,
          1,
          1,
          1,
          1,
          1,
          1,
          null,
          null,
          1,
          1,
          7,
          7,
          null,
          null,
          null,
          1,
          1,
          1,
          1,
          1,
          1,
          1,
          null,
          null,
          1,
          1,
          21,
          21,
          null,
          null,
          null,
          1,
          1,
          1,
          1,
          1,
          1,
          1,
          1,
          1,
          1,
          1,
          1,
          1,
          1,
          1,
          1,
          1,
          1,
          1,
          1,
          1,
          null,
          null,
          1,
          1,
          21,
          21,
          null,
          null,
          null,
          1,
          1,
          1,
          1,
          1,
          1,
          1,
          1,
          1,
          1,
          1,
          1,
          1,
          1,
          1,
          1,
          1,
          1,
          1,
          1,
          1,
          null,
          null,
          1,
          1,
          3,
          3,
          2,
          null,
          1,
          null,
          null,
          null,
          null,
          1,
          1,
          1,
          null,
          null,
          1,
          1,
          8,
          8,
          6,
          null,
          2,
          null,
          null,
          null,
          null,
          1,
          1,
          1,
          1,
          1,
          1,
          1,
          1,
          null,
          null,
          1,
          1,
          9,
          9,
          null,
          null,
          null,
          1,
          1,
          1,
          1,
          1,
          1,
          1,
          1,
          1,
          null,
          null,
          1,
          1,
          1,
          null,
          null,
          null,
          1,
          1,
          10,
          10,
          null,
          null,
          null,
          1,
          1,
          1,
          1,
          1,
          1,
          1,
          1,
          1,
          1,
          null,
          null,
          1,
          1,
          2,
          2,
          null,
          null,
          1,
          2,
          2,
          null,
          null,
          null,
          1,
          1,
          2,
          2,
          2,
          null,
          null,
          1,
          2,
          null,
          null,
          null,
          1,
          1,
          2,
          null,
          null,
          1,
          2,
          2,
          2,
          null,
          null,
          null,
          1,
          1,
          2,
          2,
          2,
          null,
          null,
          1,
          2,
          2,
          null,
          null,
          null
        ]
      },
      "/home/ammar/Desktop/ruby_interview_exercises/number_in_words/as_a_refinement/lib/number_in_words.rb": {
        "lines": [
          1,
          null,
          1,
          null,
          null,
          null,
          null,
          null,
          null,
          null,
          null,
          null,
          null,
          null,
          null,
          null,
          null,
          null,
          null,
          null,
          null,
          null,
          null,
          null,
          null,
          null,
          null,
          null,
          null,
          null,
          null,
          null,
          null,
          1,
          null,
          null,
          null,
          null,
          null,
          null,
          null,
          null,
          null,
          null,
          null,
          null,
          null,
          null,
          null,
          null,
          null,
          null,
          null,
          null,
          null,
          null,
          null,
          null,
          null,
          null,
          null,
          null,
          null,
          null,
          null,
          null,
          null,
          null,
          null,
          null,
          null,
          null,
          null,
          null,
          null,
          null,
          null,
          null,
          null,
          null,
          null,
          null,
          null,
          null,
          null,
          null,
          null,
          null,
          null,
          null,
          null,
          null,
          null,
          null,
          null,
          null,
          null,
          null,
          null,
          null,
          null,
          null,
          null,
          null,
          null,
          null,
          null,
          null,
          null,
          null,
          null,
          null,
          null,
          null,
          null,
          null,
          null,
          null,
          null,
          null,
          null,
          null,
          null,
          null,
          null,
          null,
          null,
          null,
          null,
          null,
          null,
          null,
          null,
          null,
          null,
          null,
          null,
          null,
          1,
          1,
          49,
          null,
          null,
          49,
          21,
          null,
          null,
          null,
          28,
          null,
          null,
          28,
          null,
          null,
          28,
          null,
          null,
          28,
          null,
          28,
          null,
          null,
          null,
          1,
          null,
          1,
          null,
          35,
          35,
          105,
          35,
          null,
          null,
          1,
          35,
          35,
          35,
          null,
          35,
          70,
          70,
          70,
          null,
          null,
          null,
          35,
          null,
          35,
          null,
          null,
          1,
          null,
          91,
          91,
          null,
          82,
          82,
          82,
          null,
          82,
          4,
          78,
          24,
          11,
          null,
          13,
          null,
          54,
          37,
          null,
          17,
          null,
          null,
          null,
          1,
          112,
          112,
          101,
          23,
          null,
          101,
          null,
          null,
          1,
          70,
          70,
          70,
          null,
          null,
          1,
          null,
          78,
          78,
          14,
          7,
          null,
          64,
          null,
          null,
          null,
          71,
          71,
          null,
          null,
          1,
          null,
          46,
          null,
          null,
          46,
          null,
          null,
          1,
          9,
          null,
          null,
          1,
          24,
          24,
          null,
          24,
          13,
          11,
          9,
          8,
          1,
          1,
          null,
          null,
          24,
          null,
          null,
          1,
          27,
          27,
          null,
          null,
          null,
          1,
          13,
          13,
          13,
          null,
          null,
          1,
          5,
          5,
          5,
          null,
          null,
          1,
          50,
          null,
          null
        ]
      }
    },
    "timestamp": 1650186131
  }
}
